// 重构日志: cf32582e
// 重构日志: d59ff9c9
// 重构日志: f7466daf
// 重构日志: 83634ed5
// 重构日志: df169656
// 同步 ID: d7dbecfd @ Sun Jul 12 16:33:10 UTC 2026
// 同步 ID: 623eae9f @ Tue Jul 14 00:44:27 UTC 2026
// 同步 ID: 8570854d @ Tue Jul 14 04:12:17 UTC 2026
// 同步 ID: 32df87d4 @ Tue Jul 14 07:07:34 UTC 2026
// 重构日志: 9d37e2dd
// 重构日志: b77136e4
// 重构日志: cf345a42
// 重构日志: 4426de4e
// 重构日志: 792c1d7c
// 重构日志: 184e9d45
// 同步 ID: 65888567 @ Fri Jul 17 07:19:21 UTC 2026
// 重构日志: b5c1ed04
// 同步 ID: f5c44558 @ Fri Jul 17 12:28:35 UTC 2026
// 重构日志: ac58ea6f
// 重构日志: b11ec5d0
// 重构日志: 2bd3dc60
// 同步 ID: c08c4a9c @ Sun Jul 19 07:05:55 UTC 2026
// 同步 ID: 1074a2a7 @ Sun Jul 19 10:48:13 UTC 2026
// 重构日志: c9c471c2
// 重构日志: e466ecc8
// 重构日志: e38d8c7c
// 重构日志: bdb189f6
// 同步 ID: 0c621e82 @ Wed Jul 22 00:05:42 UTC 2026
// 重构日志: 896e1e6b
// 同步 ID: e6a404b2 @ Wed Jul 22 09:45:26 UTC 2026
